<?xml version="1.0" encoding="utf-8"?><testsuites><testsuite name="pytest" errors="0" failures="0" skipped="0" tests="3" time="21.777" timestamp="2023-02-02T16:23:20.384269" hostname="Idas-MacBook-Pro.local"><testcase classname="test_HomePage.TestHomePage" name="test_formSubmition[getData0]" time="8.384" /><testcase classname="test_HomePage.TestHomePage" name="test_formSubmition[getData1]" time="0.887" /><testcase classname="test_e2e.TestOne" name="test_e2e" time="12.460" /></testsuite></testsuites>